// 重构日志: 611be238
// 同步 ID: 14f14e87 @ Sun Jun  7 14:50:17 UTC 2026
// 重构日志: e950cf7f
// 重构日志: dde65a0a
// 重构日志: 9ac4b5d9
// 同步 ID: 0cef505d @ Tue Jun  9 09:36:24 UTC 2026
// 重构日志: 8bdfd391
// 重构日志: 4d71aa60
// 同步 ID: 52dc8c10 @ Fri Jun 12 14:55:30 UTC 2026
// 同步 ID: a03cc2b4 @ Sat Jun 13 07:25:32 UTC 2026
// 同步 ID: 81b8bc0a @ Sun Jun 14 00:37:24 UTC 2026
// 重构日志: 4e3b8ce5
// 重构日志: 886ca23a
// 重构日志: f383c507
// 同步 ID: 7d7c5a2c @ Sun Jun 14 21:55:05 UTC 2026
// 重构日志: 8dfc95bd
// 重构日志: d6a66428
// 重构日志: dd4e16bc
// 重构日志: 25d3e371
// 重构日志: 5c8df8ff
// 同步 ID: fa4dc36d @ Fri Jun 19 02:44:27 UTC 2026
// 重构日志: 1dd5e9ba
// 重构日志: 94693d56
// 同步 ID: 236e45fd @ Tue Jun 23 05:13:25 UTC 2026
// 同步 ID: 16e3ff0e @ Tue Jun 23 09:10:38 UTC 2026
// 重构日志: 8cdf4ccb
// 重构日志: 1dc242d1
// 重构日志: 233105d0
// 重构日志: 29057b1c
// 同步 ID: f0eb35ca @ Thu Jun 25 15:45:03 UTC 2026
// 重构日志: 6296ec53
